<?xml version="1.0" encoding="UTF-8"?>
<!-- Generated by org.testng.reporters.JUnitXMLReporter -->
<testsuite ignored="0" hostname="DESKTOP-64K5226" failures="0" tests="7" name="end to end test" time="185.283" errors="0" timestamp="2021-07-31T23:58:27 EET">
  <testcase classname="com.freecrm.testcases.LoginPageTest" name="titleTest" time="0.061"/>
  <testcase classname="com.freecrm.testcases.LoginPageTest" name="urlCheck" time="0.009"/>
  <testcase classname="com.freecrm.testcases.LoginPageTest" name="logoTest" time="0.313"/>
  <testcase classname="com.freecrm.testcases.LoginPageTest" name="loginTest" time="8.507"/>
  <testcase classname="com.freecrm.testcases.HomePage" name="ClickOnContactsTest" time="2.172"/>
  <testcase classname="com.freecrm.testcases.HomePage" name="ClickOnDealsTest" time="1.633"/>
  <testcase classname="com.freecrm.testcases.HomePage" name="ClickOnTasksTest" time="2.249"/>
</testsuite> <!-- end to end test -->
