<?xml version="1.0" encoding="UTF-8"?>
<!-- Generated by org.testng.reporters.JUnitXMLReporter -->
<testsuite ignored="0" hostname="DESKTOP-64K5226" failures="0" tests="10" name="end to end test on chrome" time="225.016" errors="0" timestamp="2021-08-04T06:15:08 EET">
  <testcase classname="com.freecrm.testcases.ContactPageTest" name="addContact" time="12.722"/>
  <testcase classname="com.freecrm.testcases.ContactPageTest" name="addContact" time="12.254"/>
  <testcase classname="com.freecrm.testcases.ContactPageTest" name="addContact" time="7.377"/>
  <testcase classname="com.freecrm.testcases.HomePage" name="ClickOnContactsTest" time="2.274"/>
  <testcase classname="com.freecrm.testcases.HomePage" name="ClickOnDealsTest" time="2.501"/>
  <testcase classname="com.freecrm.testcases.HomePage" name="ClickOnTasksTest" time="1.784"/>
  <testcase classname="com.freecrm.testcases.LoginPageTest" name="titleTest" time="0.033"/>
  <testcase classname="com.freecrm.testcases.LoginPageTest" name="urlCheck" time="0.056"/>
  <testcase classname="com.freecrm.testcases.LoginPageTest" name="logoTest" time="0.231"/>
  <testcase classname="com.freecrm.testcases.LoginPageTest" name="loginTest" time="6.38"/>
</testsuite> <!-- end to end test on chrome -->
